Debug: Total Paketti keybindings found - 3809
0001:Global:Paketti: ∿ Open User Preferences Dialog: <Shortcut not Assigned>
0002:Global:Paketti: ∿ Randomize All Devices of Track with User1 (%): <Shortcut not Assigned>
0003:Global:Paketti: ∿ Randomize All Devices of Track with User2 (%): <Shortcut not Assigned>
0004:Global:Paketti: ∿ Randomize All Devices of Track with User3 (%): <Shortcut not Assigned>
0005:Global:Paketti: ∿ Randomize All Devices of Track with User4 (%): <Shortcut not Assigned>
0006:Global:Paketti: ∿ Randomize All Devices of Track with User5 (%): <Shortcut not Assigned>
0007:Global:Paketti: ∿ Randomize All Plugins in Song with User1 (%): <Shortcut not Assigned>
0008:Global:Paketti: ∿ Randomize All Plugins in Song with User2 (%): <Shortcut not Assigned>
0009:Global:Paketti: ∿ Randomize All Plugins in Song with User3 (%): <Shortcut not Assigned>
0010:Global:Paketti: ∿ Randomize All Plugins in Song with User4 (%): <Shortcut not Assigned>
0011:Global:Paketti: ∿ Randomize All Plugins in Song with User5 (%): <Shortcut not Assigned>
0012:Global:Paketti: ∿ Randomize Selected Device with User1 (%): <Shortcut not Assigned>
0013:Global:Paketti: ∿ Randomize Selected Device with User2 (%): <Shortcut not Assigned>
0014:Global:Paketti: ∿ Randomize Selected Device with User3 (%): <Shortcut not Assigned>
0015:Global:Paketti: ∿ Randomize Selected Device with User4 (%): <Shortcut not Assigned>
0016:Global:Paketti: ∿ Randomize Selected Device with User5 (%): <Shortcut not Assigned>
0017:Global:Paketti: ∿ Randomize Selected Plugin with User1 (%): <Shortcut not Assigned>
0018:Global:Paketti: ∿ Randomize Selected Plugin with User2 (%): <Shortcut not Assigned>
0019:Global:Paketti: ∿ Randomize Selected Plugin with User3 (%): <Shortcut not Assigned>
0020:Global:Paketti: ∿ Randomize Selected Plugin with User4 (%): <Shortcut not Assigned>
0021:Global:Paketti: ∿ Randomize Selected Plugin with User5 (%): <Shortcut not Assigned>
0022:Global:Paketti: ∿ Show/Hide User Preference Devices Master Dialog: Shift + Option + 0
